gyp info it worked if it ends with ok
gyp info using node-gyp@7.1.2
gyp info using node@15.8.0 | darwin | x64
gyp info find Python using Python version 3.9.2 found at "/Library/Frameworks/Python.framework/Versions/3.9/bin/python3"
gyp info spawn /Library/Frameworks/Python.framework/Versions/3.9/bin/python3
gyp info spawn args [
gyp info spawn args   '/usr/local/lib/node_modules/npm/node_modules/node-gyp/gyp/gyp_main.py',
gyp info spawn args   'binding.gyp',
gyp info spawn args   '-f',
gyp info spawn args   'make',
gyp info spawn args   '-I',
gyp info spawn args   '/Users/sdim/Desktop/Work2021/UdacityBlockchainDeveloperNanodegree/project3/nd1309-Project-6b-Example-Template/project-6/node_modules/ursa-optional/build/config.gypi',
gyp info spawn args   '-I',
gyp info spawn args   '/usr/local/lib/node_modules/npm/node_modules/node-gyp/addon.gypi',
gyp info spawn args   '-I',
gyp info spawn args   '/Users/sdim/Library/Caches/node-gyp/15.8.0/include/node/common.gypi',
gyp info spawn args   '-Dlibrary=shared_library',
gyp info spawn args   '-Dvisibility=default',
gyp info spawn args   '-Dnode_root_dir=/Users/sdim/Library/Caches/node-gyp/15.8.0',
gyp info spawn args   '-Dnode_gyp_dir=/usr/local/lib/node_modules/npm/node_modules/node-gyp',
gyp info spawn args   '-Dnode_lib_file=/Users/sdim/Library/Caches/node-gyp/15.8.0/<(target_arch)/node.lib',
gyp info spawn args   '-Dmodule_root_dir=/Users/sdim/Desktop/Work2021/UdacityBlockchainDeveloperNanodegree/project3/nd1309-Project-6b-Example-Template/project-6/node_modules/ursa-optional',
gyp info spawn args   '-Dnode_engine=v8',
gyp info spawn args   '--depth=.',
gyp info spawn args   '--no-parallel',
gyp info spawn args   '--generator-output',
gyp info spawn args   'build',
gyp info spawn args   '-Goutput_dir=.'
gyp info spawn args ]
Debugger listening on ws://127.0.0.1:63404/bf1e250e-6c03-4d0e-8bdd-e4e6a1cb1294
For help, see: https://nodejs.org/en/docs/inspector
Debugger attached.
Waiting for the debugger to disconnect...
gyp: Call to 'node -e "require('nan')"' returned exit status 0 while in binding.gyp. while trying to load binding.gyp
gyp ERR! configure error 
gyp ERR! stack Error: `gyp` failed with exit code: 1
gyp ERR! stack     at ChildProcess.onCpExit (/usr/local/lib/node_modules/npm/node_modules/node-gyp/lib/configure.js:351:16)
gyp ERR! stack     at ChildProcess.emit (node:events:378:20)
gyp ERR! stack     at Process.ChildProcess._handle.onexit (node:internal/child_process:290:12)
gyp ERR! System Darwin 20.4.0
gyp ERR! command "/usr/local/bin/node" "/usr/local/lib/node_modules/npm/node_modules/node-gyp/bin/node-gyp.js" "rebuild"
gyp ERR! cwd /Users/sdim/Desktop/Work2021/UdacityBlockchainDeveloperNanodegree/project3/nd1309-Project-6b-Example-Template/project-6/node_modules/ursa-optional
gyp ERR! node -v v15.8.0
gyp ERR! node-gyp -v v7.1.2
gyp ERR! not ok 
npm ERR! code 1
npm ERR! path /Users/sdim/Desktop/Work2021/UdacityBlockchainDeveloperNanodegree/project3/nd1309-Project-6b-Example-Template/project-6/node_modules/ursa-optional
npm ERR! command failed
npm ERR! command sh -c node-gyp rebuild

npm ERR! A complete log of this run can be found in:
npm ERR!     /Users/sdim/.npm/_logs/2021-04-22T14_22_41_929Z-debug.log
